{
  "stats": {
    "suites": 1,
    "tests": 3,
    "passes": 2,
    "pending": 0,
    "failures": 1,
    "start": "2021-10-12T23:07:32.748Z",
    "end": "2021-10-12T23:08:09.825Z",
    "duration": 37077,
    "testsRegistered": 3,
    "passPercent": 66.66666666666666,
    "pendingPercent": 0,
    "other": 0,
    "hasOther": false,
    "skipped": 0,
    "hasSkipped": false
  },
  "results": [
    {
      "uuid": "d671f864-7b90-4474-971a-ed43fdfc4a18",
      "title": "",
      "fullFile": "cypress/integration/reactApp/shoppingCart.feature",
      "file": "cypress/integration/reactApp/shoppingCart.feature",
      "beforeHooks": [],
      "afterHooks": [],
      "tests": [],
      "suites": [
        {
          "uuid": "36f3e36e-4f60-4e45-a3e2-9b06ccf33ada",
          "title": "Shopping Cart Workflow",
          "fullFile": "",
          "file": "",
          "beforeHooks": [],
          "afterHooks": [],
          "tests": [
            {
              "title": "Add products to shopping cart",
              "fullTitle": "Shopping Cart Workflow Add products to shopping cart",
              "timedOut": null,
              "duration": 2957,
              "state": "passed",
              "speed": "slow",
              "pass": true,
              "fail": false,
              "pending": false,
              "context": null,
              "code": "const state = window.testState;\nreturn cy\n  .then(() => state.onStartScenario(scenario, indexedSteps))\n  .then(() =>\n    resolveAndRunBeforeHooks.call(this, scenario.tags, state.feature.name)\n  )\n  .then(() =>\n    indexedSteps.forEach((step) =>\n      stepTest.call(this, state, step, rowData)\n    )\n  )\n  .then(() => state.onFinishScenario(scenario));",
              "err": {},
              "uuid": "a0603571-4e98-4467-b52f-04763ebfb18a",
              "parentUUID": "36f3e36e-4f60-4e45-a3e2-9b06ccf33ada",
              "isHook": false,
              "skipped": false
            },
            {
              "title": "Increment products in shopping cart",
              "fullTitle": "Shopping Cart Workflow Increment products in shopping cart",
              "timedOut": null,
              "duration": 30770,
              "state": "failed",
              "speed": null,
              "pass": false,
              "fail": true,
              "pending": false,
              "context": "{\n  \"title\": \"cypress-mochawesome-reporter-screenshots\",\n  \"value\": [\n    [\n      {\n        \"title\": \"Failed screenshot\",\n        \"value\": \"\\\\reactApp\\\\shoppingCart.feature\\\\Shopping Cart Workflow -- Increment products in shopping cart (failed).png\"\n      }\n    ]\n  ]\n}",
              "code": "const state = window.testState;\nreturn cy\n  .then(() => state.onStartScenario(scenario, indexedSteps))\n  .then(() =>\n    resolveAndRunBeforeHooks.call(this, scenario.tags, state.feature.name)\n  )\n  .then(() =>\n    indexedSteps.forEach((step) =>\n      stepTest.call(this, state, step, rowData)\n    )\n  )\n  .then(() => state.onFinishScenario(scenario));",
              "err": {
                "message": "CypressError: Timed out retrying after 30050ms: `cy.click()` failed because this element is `disabled`:\n\n`<button disabled=\"\" class=\"change-product-button\">-</button>`\n\nFix this problem, or use `{force: true}` to disable error checking.\n\nhttps://on.cypress.io/element-cannot-be-interacted-with",
                "estack": "CypressError: Timed out retrying after 30050ms: `cy.click()` failed because this element is `disabled`:\n\n`<button disabled=\"\" class=\"change-product-button\">-</button>`\n\nFix this problem, or use `{force: true}` to disable error checking.\n\nhttps://on.cypress.io/element-cannot-be-interacted-with\n    at $Cy.ensureNotDisabled (https://react-shopping-cart-67954.firebaseapp.com/__cypress/runner/cypress_runner.js:160457:85)\n    at runAllChecks (https://react-shopping-cart-67954.firebaseapp.com/__cypress/runner/cypress_runner.js:147820:14)\n    at retryActionability (https://react-shopping-cart-67954.firebaseapp.com/__cypress/runner/cypress_runner.js:147894:16)\n    at tryCatcher (https://react-shopping-cart-67954.firebaseapp.com/__cypress/runner/cypress_runner.js:13212:23)\n    at Function.Promise.attempt.Promise.try (https://react-shopping-cart-67954.firebaseapp.com/__cypress/runner/cypress_runner.js:10486:29)\n    at tryFn (https://react-shopping-cart-67954.firebaseapp.com/__cypress/runner/cypress_runner.js:165305:61)\n    at whenStable (https://react-shopping-cart-67954.firebaseapp.com/__cypress/runner/cypress_runner.js:165344:14)\n    at https://react-shopping-cart-67954.firebaseapp.com/__cypress/runner/cypress_runner.js:164831:18\n    at tryCatcher (https://react-shopping-cart-67954.firebaseapp.com/__cypress/runner/cypress_runner.js:13212:23)\n    at Promise._settlePromiseFromHandler (https://react-shopping-cart-67954.firebaseapp.com/__cypress/runner/cypress_runner.js:11147:31)\n    at Promise._settlePromise (https://react-shopping-cart-67954.firebaseapp.com/__cypress/runner/cypress_runner.js:11204:18)\n    at Promise._settlePromise0 (https://react-shopping-cart-67954.firebaseapp.com/__cypress/runner/cypress_runner.js:11249:10)\n    at Promise._settlePromises (https://react-shopping-cart-67954.firebaseapp.com/__cypress/runner/cypress_runner.js:11329:18)\n    at Promise._fulfill (https://react-shopping-cart-67954.firebaseapp.com/__cypress/runner/cypress_runner.js:11273:18)\n    at https://react-shopping-cart-67954.firebaseapp.com/__cypress/runner/cypress_runner.js:12887:46\nFrom Your Spec Code:\n    at Object.exports.updateProductInCart (https://react-shopping-cart-67954.firebaseapp.com/__cypress/tests?p=cypress\\integration\\reactApp\\shoppingCart.feature:223:62)\n    at Context.eval (https://react-shopping-cart-67954.firebaseapp.com/__cypress/tests?p=cypress\\integration\\reactApp\\shoppingCart.feature:63:9)\n    at Context.resolveAndRunStepDefinition (https://react-shopping-cart-67954.firebaseapp.com/__cypress/tests?p=cypress\\integration\\reactApp\\shoppingCart.feature:12096:29)\n    at Context.eval (https://react-shopping-cart-67954.firebaseapp.com/__cypress/tests?p=cypress\\integration\\reactApp\\shoppingCart.feature:11417:35)",
                "diff": null
              },
              "uuid": "fe159dec-a602-47f6-8515-20effae48629",
              "parentUUID": "36f3e36e-4f60-4e45-a3e2-9b06ccf33ada",
              "isHook": false,
              "skipped": false
            },
            {
              "title": "Remove products from shopping cart",
              "fullTitle": "Shopping Cart Workflow Remove products from shopping cart",
              "timedOut": null,
              "duration": 1780,
              "state": "passed",
              "speed": "slow",
              "pass": true,
              "fail": false,
              "pending": false,
              "context": null,
              "code": "const state = window.testState;\nreturn cy\n  .then(() => state.onStartScenario(scenario, indexedSteps))\n  .then(() =>\n    resolveAndRunBeforeHooks.call(this, scenario.tags, state.feature.name)\n  )\n  .then(() =>\n    indexedSteps.forEach((step) =>\n      stepTest.call(this, state, step, rowData)\n    )\n  )\n  .then(() => state.onFinishScenario(scenario));",
              "err": {},
              "uuid": "de0057a6-c12a-48ee-a785-d565d227eae1",
              "parentUUID": "36f3e36e-4f60-4e45-a3e2-9b06ccf33ada",
              "isHook": false,
              "skipped": false
            }
          ],
          "suites": [],
          "passes": [
            "a0603571-4e98-4467-b52f-04763ebfb18a",
            "de0057a6-c12a-48ee-a785-d565d227eae1"
          ],
          "failures": [
            "fe159dec-a602-47f6-8515-20effae48629"
          ],
          "pending": [],
          "skipped": [],
          "duration": 35507,
          "root": false,
          "rootEmpty": false,
          "_timeout": 2000
        }
      ],
      "passes": [],
      "failures": [],
      "pending": [],
      "skipped": [],
      "duration": 0,
      "root": true,
      "rootEmpty": true,
      "_timeout": 2000
    }
  ],
  "meta": {
    "mocha": {
      "version": "7.0.1"
    },
    "mochawesome": {
      "options": {
        "quiet": false,
        "reportFilename": "mochawesome",
        "saveHtml": true,
        "saveJson": true,
        "consoleReporter": "spec",
        "useInlineDiffs": false,
        "code": true
      },
      "version": "6.3.1"
    },
    "marge": {
      "options": {
        "reportDir": "cypress/reports",
        "charts": true,
        "html": true,
        "reportPageTitle": "ZTech-Report",
        "embeddedScreenshots": true,
        "inlineAssets": true
      },
      "version": "5.2.0"
    }
  }
}