{
  "stats": {
    "suites": 1,
    "tests": 3,
    "passes": 3,
    "pending": 0,
    "failures": 0,
    "start": "2021-10-12T21:39:31.051Z",
    "end": "2021-10-12T21:39:36.696Z",
    "duration": 5645,
    "testsRegistered": 3,
    "passPercent": 100,
    "pendingPercent": 0,
    "other": 0,
    "hasOther": false,
    "skipped": 0,
    "hasSkipped": false
  },
  "results": [
    {
      "uuid": "cf84e046-626a-46cc-b964-fc710f277338",
      "title": "",
      "fullFile": "cypress/integration/reactApp/shoppingCart.feature",
      "file": "cypress/integration/reactApp/shoppingCart.feature",
      "beforeHooks": [],
      "afterHooks": [],
      "tests": [],
      "suites": [
        {
          "uuid": "3294e097-d5e0-4f11-a2f6-58e3047408b8",
          "title": "Shopping Cart Workflow",
          "fullFile": "",
          "file": "",
          "beforeHooks": [],
          "afterHooks": [],
          "tests": [
            {
              "title": "Add products to shopping cart",
              "fullTitle": "Shopping Cart Workflow Add products to shopping cart",
              "timedOut": null,
              "duration": 2702,
              "state": "passed",
              "speed": "slow",
              "pass": true,
              "fail": false,
              "pending": false,
              "context": null,
              "code": "const state = window.testState;\nreturn cy\n  .then(() => state.onStartScenario(scenario, indexedSteps))\n  .then(() =>\n    resolveAndRunBeforeHooks.call(this, scenario.tags, state.feature.name)\n  )\n  .then(() =>\n    indexedSteps.forEach((step) =>\n      stepTest.call(this, state, step, rowData)\n    )\n  )\n  .then(() => state.onFinishScenario(scenario));",
              "err": {},
              "uuid": "5bb2f51b-2be7-4373-8c5d-114e58a042c0",
              "parentUUID": "3294e097-d5e0-4f11-a2f6-58e3047408b8",
              "isHook": false,
              "skipped": false
            },
            {
              "title": "Increment products in shopping cart",
              "fullTitle": "Shopping Cart Workflow Increment products in shopping cart",
              "timedOut": null,
              "duration": 721,
              "state": "passed",
              "speed": "slow",
              "pass": true,
              "fail": false,
              "pending": false,
              "context": null,
              "code": "const state = window.testState;\nreturn cy\n  .then(() => state.onStartScenario(scenario, indexedSteps))\n  .then(() =>\n    resolveAndRunBeforeHooks.call(this, scenario.tags, state.feature.name)\n  )\n  .then(() =>\n    indexedSteps.forEach((step) =>\n      stepTest.call(this, state, step, rowData)\n    )\n  )\n  .then(() => state.onFinishScenario(scenario));",
              "err": {},
              "uuid": "884bab1b-cd15-4370-bee4-63cef8b62d64",
              "parentUUID": "3294e097-d5e0-4f11-a2f6-58e3047408b8",
              "isHook": false,
              "skipped": false
            },
            {
              "title": "Remove products from shopping cart",
              "fullTitle": "Shopping Cart Workflow Remove products from shopping cart",
              "timedOut": null,
              "duration": 668,
              "state": "passed",
              "speed": "slow",
              "pass": true,
              "fail": false,
              "pending": false,
              "context": null,
              "code": "const state = window.testState;\nreturn cy\n  .then(() => state.onStartScenario(scenario, indexedSteps))\n  .then(() =>\n    resolveAndRunBeforeHooks.call(this, scenario.tags, state.feature.name)\n  )\n  .then(() =>\n    indexedSteps.forEach((step) =>\n      stepTest.call(this, state, step, rowData)\n    )\n  )\n  .then(() => state.onFinishScenario(scenario));",
              "err": {},
              "uuid": "10e46be0-cc62-4840-8a8b-ba6a2fa1edbc",
              "parentUUID": "3294e097-d5e0-4f11-a2f6-58e3047408b8",
              "isHook": false,
              "skipped": false
            }
          ],
          "suites": [],
          "passes": [
            "5bb2f51b-2be7-4373-8c5d-114e58a042c0",
            "884bab1b-cd15-4370-bee4-63cef8b62d64",
            "10e46be0-cc62-4840-8a8b-ba6a2fa1edbc"
          ],
          "failures": [],
          "pending": [],
          "skipped": [],
          "duration": 4091,
          "root": false,
          "rootEmpty": false,
          "_timeout": 2000
        }
      ],
      "passes": [],
      "failures": [],
      "pending": [],
      "skipped": [],
      "duration": 0,
      "root": true,
      "rootEmpty": true,
      "_timeout": 2000
    }
  ],
  "meta": {
    "mocha": {
      "version": "7.0.1"
    },
    "mochawesome": {
      "options": {
        "quiet": false,
        "reportFilename": "mochawesome",
        "saveHtml": false,
        "saveJson": true,
        "consoleReporter": "spec",
        "useInlineDiffs": false,
        "code": true
      },
      "version": "6.3.1"
    },
    "marge": {
      "options": {
        "reportDir": "cypress\\reports\\.jsons",
        "charts": true,
        "reportPageTitle": "ZTech-Report",
        "embeddedScreenshots": true,
        "inlineAssets": true,
        "overwrite": false,
        "html": false,
        "json": true
      },
      "version": "5.2.0"
    }
  }
}